Arguments: 
  /Users/danu/.nvm/versions/node/v11.8.0/bin/node /usr/local/Cellar/yarn/1.13.0/libexec/bin/yarn.js publish

PATH: 
  /Users/danu/.nvm/versions/node/v11.8.0/bin:/Users/danu/.cargo/bin:/Library/Frameworks/Python.framework/Versions/3.6/bin:/Library/Frameworks/Python.framework/Versions/3.6/bin:/Library/Frameworks/Python.framework/Versions/3.6/bin:/usr/local/bin:/usr/bin:/bin:/usr/sbin:/sbin:/usr/local/go/bin:/Users/danu/.cargo/bin:/Library/Frameworks/Python.framework/Versions/3.6/bin:/Users/danu/code/bin:/Users/danu/code/bin

Yarn version: 
  1.13.0

Node version: 
  11.8.0

Platform: 
  darwin x64

Trace: 
  Error: canceled
      at Interface.<anonymous> (/usr/local/Cellar/yarn/1.13.0/libexec/lib/cli.js:125657:13)
      at Interface.emit (events.js:197:13)
      at Interface._ttyWrite (readline.js:799:16)
      at ReadStream.onkeypress (readline.js:184:10)
      at ReadStream.emit (events.js:197:13)
      at emitKeys (internal/readline.js:424:14)
      at emitKeys.next (<anonymous>)
      at ReadStream.onData (readline.js:1071:36)
      at ReadStream.emit (events.js:197:13)
      at addChunk (_stream_readable.js:288:12)

npm manifest: 
  {
  		"name": "evm-lite-lib",
  		"version": "0.2.11",
  		"description": "A Node.js module for interacting with EVM-Lite.",
  		"main": "./dist/index.js",
  		"typings": "./dist/index.d.ts",
  		"scripts": {
  				"test": "mocha -r ts-node/register test/**/*.test.ts",
  				"build": "webpack --config webpack.config.js"
  		},
  		"author": "Danu Kumanan",
  		"license": "MIT",
  		"dependencies": {
  				"evm-lite-core": "^0.0.8",
  				"json-bigint": "^0.3.0",
  				"lowdb": "1.0.0",
  				"mkdirp": "0.5.1",
  				"toml": "^2.3.3",
  				"tomlify-j0.4": "^3.0.0"
  		},
  		"devDependencies": {
  				"@types/chai": "^4.1.7",
  				"@types/lowdb": "^1.0.6",
  				"@types/mkdirp": "^0.5.2",
  				"@types/mocha": "^5.2.5",
  				"@types/node": "^10.12.21",
  				"chai": "^4.2.0",
  				"mocha": "^5.2.0",
  				"solc": "^0.5.4",
  				"tslint": "^5.12.1",
  				"tslint-config-prettier": "^1.17.0",
  				"typescript": "^3.3.1"
  		},
  		"repository": {
  				"type": "git",
  				"url": "https://github.com/mosaicnetworks/evm-lite-lib"
  		}
  }

yarn manifest: 
  No manifest

Lockfile: 
  No lockfile
